[2025-01-08T12:33:21.368+0000] {local_task_job_runner.py:123} INFO - ::group::Pre task execution logs
[2025-01-08T12:33:21.417+0000] {taskinstance.py:2613} INFO - Dependencies all met for dep_context=non-requeueable deps ti=<TaskInstance: task_dependency_airbyte_dag.test_sources_caches scheduled__2024-05-20T00:00:00+00:00 [queued]>
[2025-01-08T12:33:21.432+0000] {taskinstance.py:2613} INFO - Dependencies all met for dep_context=requeueable deps ti=<TaskInstance: task_dependency_airbyte_dag.test_sources_caches scheduled__2024-05-20T00:00:00+00:00 [queued]>
[2025-01-08T12:33:21.433+0000] {taskinstance.py:2866} INFO - Starting attempt 1 of 2
[2025-01-08T12:33:21.466+0000] {taskinstance.py:2889} INFO - Executing <Task(PythonVirtualenvOperator): test_sources_caches> on 2024-05-20 00:00:00+00:00
[2025-01-08T12:33:21.477+0000] {logging_mixin.py:190} WARNING - /home/***/.local/lib/python3.12/site-packages/***/task/task_runner/standard_task_runner.py:70 DeprecationWarning: This process (pid=15571) is multi-threaded, use of fork() may lead to deadlocks in the child.
[2025-01-08T12:33:21.478+0000] {standard_task_runner.py:72} INFO - Started process 15574 to run task
[2025-01-08T12:33:21.484+0000] {standard_task_runner.py:104} INFO - Running: ['***', 'tasks', 'run', 'task_dependency_airbyte_dag', 'test_sources_caches', 'scheduled__2024-05-20T00:00:00+00:00', '--job-id', '501', '--raw', '--subdir', 'DAGS_FOLDER/test_airbyte.py', '--cfg-path', '/tmp/tmp1diprc4d']
[2025-01-08T12:33:21.489+0000] {standard_task_runner.py:105} INFO - Job 501: Subtask test_sources_caches
[2025-01-08T12:33:21.712+0000] {task_command.py:467} INFO - Running <TaskInstance: task_dependency_airbyte_dag.test_sources_caches scheduled__2024-05-20T00:00:00+00:00 [running]> on host 835c07788e84
[2025-01-08T12:33:22.221+0000] {taskinstance.py:3132} INFO - Exporting env vars: AIRFLOW_CTX_DAG_OWNER='***' AIRFLOW_CTX_DAG_ID='task_dependency_airbyte_dag' AIRFLOW_CTX_TASK_ID='test_sources_caches' AIRFLOW_CTX_EXECUTION_DATE='2024-05-20T00:00:00+00:00' AIRFLOW_CTX_TRY_NUMBER='1' AIRFLOW_CTX_DAG_RUN_ID='scheduled__2024-05-20T00:00:00+00:00'
[2025-01-08T12:33:22.223+0000] {taskinstance.py:731} INFO - ::endgroup::
[2025-01-08T12:33:22.259+0000] {baseoperator.py:421} WARNING - PythonVirtualenvOperator.execute cannot be called outside TaskInstance!
[2025-01-08T12:33:22.263+0000] {process_utils.py:186} INFO - Executing cmd: /home/***/.local/bin/python -m virtualenv /tmp/venvfa2nd_pa --python=python3.12
[2025-01-08T12:33:22.277+0000] {process_utils.py:190} INFO - Output:
[2025-01-08T12:33:24.848+0000] {process_utils.py:194} INFO - created virtual environment CPython3.12.8.final.0-64 in 652ms
[2025-01-08T12:33:24.849+0000] {process_utils.py:194} INFO -   creator CPython3Posix(dest=/tmp/venvfa2nd_pa, clear=False, no_vcs_ignore=False, global=False)
[2025-01-08T12:33:24.850+0000] {process_utils.py:194} INFO -   seeder FromAppData(download=False, pip=bundle, via=copy, app_data_dir=/home/***/.local/share/virtualenv)
[2025-01-08T12:33:24.850+0000] {process_utils.py:194} INFO -     added seed packages: pip==24.3.1
[2025-01-08T12:33:24.851+0000] {process_utils.py:194} INFO -   activators BashActivator,CShellActivator,FishActivator,NushellActivator,PowerShellActivator,PythonActivator
[2025-01-08T12:33:25.010+0000] {process_utils.py:186} INFO - Executing cmd: /tmp/venvfa2nd_pa/bin/pip install -r /tmp/venvfa2nd_pa/requirements.txt
[2025-01-08T12:33:25.026+0000] {process_utils.py:190} INFO - Output:
[2025-01-08T12:33:31.092+0000] {process_utils.py:194} INFO - Collecting airbyte (from -r /tmp/venvfa2nd_pa/requirements.txt (line 1))
[2025-01-08T12:33:31.098+0000] {process_utils.py:194} INFO -   Using cached airbyte-0.22.0-py3-none-any.whl.metadata (5.4 kB)
[2025-01-08T12:33:31.417+0000] {process_utils.py:194} INFO - Collecting pendulum (from -r /tmp/venvfa2nd_pa/requirements.txt (line 2))
[2025-01-08T12:33:31.425+0000] {process_utils.py:194} INFO -   Using cached pendulum-3.0.0-cp312-cp312-manylinux_2_17_x86_64.manylinux2014_x86_64.whl.metadata (6.9 kB)
[2025-01-08T12:33:31.557+0000] {process_utils.py:194} INFO - Collecting airbyte-api<0.53.0,>=0.52.1 (from airbyte->-r /tmp/venvfa2nd_pa/requirements.txt (line 1))
[2025-01-08T12:33:31.561+0000] {process_utils.py:194} INFO -   Using cached airbyte_api-0.52.2-py3-none-any.whl.metadata (17 kB)
[2025-01-08T12:33:32.567+0000] {process_utils.py:194} INFO - Collecting airbyte-cdk<7.0.0,>=6.9.0 (from airbyte->-r /tmp/venvfa2nd_pa/requirements.txt (line 1))
[2025-01-08T12:33:32.571+0000] {process_utils.py:194} INFO -   Using cached airbyte_cdk-6.13.0-py3-none-any.whl.metadata (6.0 kB)
[2025-01-08T12:33:32.668+0000] {process_utils.py:194} INFO - Collecting airbyte-protocol-models-pdv2<0.14.0,>=0.13.0 (from airbyte->-r /tmp/venvfa2nd_pa/requirements.txt (line 1))
[2025-01-08T12:33:32.695+0000] {process_utils.py:194} INFO -   Using cached airbyte_protocol_models_pdv2-0.13.1-py3-none-any.whl.metadata (3.6 kB)
[2025-01-08T12:33:32.841+0000] {process_utils.py:194} INFO - Collecting click<9.0.0,>=8.1.7 (from airbyte->-r /tmp/venvfa2nd_pa/requirements.txt (line 1))
[2025-01-08T12:33:32.845+0000] {process_utils.py:194} INFO -   Using cached click-8.1.8-py3-none-any.whl.metadata (2.3 kB)
[2025-01-08T12:33:33.556+0000] {process_utils.py:194} INFO - Collecting duckdb<2.0.0,>=1.1.0 (from airbyte->-r /tmp/venvfa2nd_pa/requirements.txt (line 1))
[2025-01-08T12:33:33.573+0000] {process_utils.py:194} INFO -   Using cached duckdb-1.1.3-cp312-cp312-manylinux_2_17_x86_64.manylinux2014_x86_64.whl.metadata (762 bytes)
[2025-01-08T12:33:33.765+0000] {process_utils.py:194} INFO - Collecting duckdb-engine<0.14.0,>=0.13.2 (from airbyte->-r /tmp/venvfa2nd_pa/requirements.txt (line 1))
[2025-01-08T12:33:33.770+0000] {process_utils.py:194} INFO -   Using cached duckdb_engine-0.13.6-py3-none-any.whl.metadata (8.0 kB)
[2025-01-08T12:33:34.187+0000] {process_utils.py:194} INFO - Collecting google-auth<3.0,>=2.27.0 (from airbyte->-r /tmp/venvfa2nd_pa/requirements.txt (line 1))
[2025-01-08T12:33:34.193+0000] {process_utils.py:194} INFO -   Using cached google_auth-2.37.0-py2.py3-none-any.whl.metadata (4.8 kB)
[2025-01-08T12:33:34.476+0000] {process_utils.py:194} INFO - Collecting google-cloud-bigquery<4.0,>=3.12.0 (from airbyte->-r /tmp/venvfa2nd_pa/requirements.txt (line 1))
[2025-01-08T12:33:34.479+0000] {process_utils.py:194} INFO -   Using cached google_cloud_bigquery-3.27.0-py2.py3-none-any.whl.metadata (8.6 kB)
[2025-01-08T12:33:34.763+0000] {process_utils.py:194} INFO - Collecting google-cloud-bigquery-storage<3.0.0,>=2.25.0 (from airbyte->-r /tmp/venvfa2nd_pa/requirements.txt (line 1))
[2025-01-08T12:33:34.770+0000] {process_utils.py:194} INFO -   Using cached google_cloud_bigquery_storage-2.27.0-py2.py3-none-any.whl.metadata (5.6 kB)
[2025-01-08T12:33:34.944+0000] {process_utils.py:194} INFO - Collecting google-cloud-secret-manager<3.0.0,>=2.17.0 (from airbyte->-r /tmp/venvfa2nd_pa/requirements.txt (line 1))
[2025-01-08T12:33:34.967+0000] {process_utils.py:194} INFO -   Using cached google_cloud_secret_manager-2.22.0-py2.py3-none-any.whl.metadata (5.3 kB)
[2025-01-08T12:33:35.309+0000] {process_utils.py:194} INFO - Collecting jsonschema<5.0,>=3.2.0 (from airbyte->-r /tmp/venvfa2nd_pa/requirements.txt (line 1))
[2025-01-08T12:33:35.323+0000] {process_utils.py:194} INFO -   Using cached jsonschema-4.23.0-py3-none-any.whl.metadata (7.9 kB)
[2025-01-08T12:33:36.296+0000] {process_utils.py:194} INFO - Collecting orjson<4.0,>=3.10 (from airbyte->-r /tmp/venvfa2nd_pa/requirements.txt (line 1))
[2025-01-08T12:33:36.301+0000] {process_utils.py:194} INFO -   Using cached orjson-3.10.13-cp312-cp312-manylinux_2_17_x86_64.manylinux2014_x86_64.whl.metadata (41 kB)
[2025-01-08T12:33:36.429+0000] {process_utils.py:194} INFO - Collecting overrides<8.0.0,>=7.4.0 (from airbyte->-r /tmp/venvfa2nd_pa/requirements.txt (line 1))
[2025-01-08T12:33:36.437+0000] {process_utils.py:194} INFO -   Using cached overrides-7.7.0-py3-none-any.whl.metadata (5.8 kB)
[2025-01-08T12:33:37.100+0000] {process_utils.py:194} INFO - Collecting pandas<3.0,>=1.5.3 (from airbyte->-r /tmp/venvfa2nd_pa/requirements.txt (line 1))
[2025-01-08T12:33:37.104+0000] {process_utils.py:194} INFO -   Using cached pandas-2.2.3-cp312-cp312-manylinux_2_17_x86_64.manylinux2014_x86_64.whl.metadata (89 kB)
[2025-01-08T12:33:37.667+0000] {process_utils.py:194} INFO - Collecting psycopg2-binary<3.0.0,>=2.9.9 (from airbyte->-r /tmp/venvfa2nd_pa/requirements.txt (line 1))
[2025-01-08T12:33:37.674+0000] {process_utils.py:194} INFO -   Using cached psycopg2_binary-2.9.10-cp312-cp312-manylinux_2_17_x86_64.manylinux2014_x86_64.whl.metadata (4.9 kB)
[2025-01-08T12:33:37.824+0000] {process_utils.py:194} INFO - Collecting psycopg<4.0.0,>=3.1.19 (from psycopg[binary,pool]<4.0.0,>=3.1.19->airbyte->-r /tmp/venvfa2nd_pa/requirements.txt (line 1))
[2025-01-08T12:33:37.828+0000] {process_utils.py:194} INFO -   Using cached psycopg-3.2.3-py3-none-any.whl.metadata (4.3 kB)
[2025-01-08T12:33:38.276+0000] {process_utils.py:194} INFO - Collecting pyarrow<18.0,>=16.1 (from airbyte->-r /tmp/venvfa2nd_pa/requirements.txt (line 1))
[2025-01-08T12:33:38.281+0000] {process_utils.py:194} INFO -   Using cached pyarrow-17.0.0-cp312-cp312-manylinux_2_28_x86_64.whl.metadata (3.3 kB)
[2025-01-08T12:33:38.925+0000] {process_utils.py:194} INFO - Collecting pydantic<=3.0,>=2.0 (from airbyte->-r /tmp/venvfa2nd_pa/requirements.txt (line 1))
[2025-01-08T12:33:38.930+0000] {process_utils.py:194} INFO -   Using cached pydantic-2.10.4-py3-none-any.whl.metadata (29 kB)
[2025-01-08T12:33:41.857+0000] {process_utils.py:194} INFO - Collecting pydantic-core (from airbyte->-r /tmp/venvfa2nd_pa/requirements.txt (line 1))
[2025-01-08T12:33:41.866+0000] {process_utils.py:194} INFO -   Using cached pydantic_core-2.27.2-cp312-cp312-manylinux_2_17_x86_64.manylinux2014_x86_64.whl.metadata (6.6 kB)
[2025-01-08T12:33:41.971+0000] {process_utils.py:194} INFO - Collecting python-dotenv<2.0.0,>=1.0.1 (from airbyte->-r /tmp/venvfa2nd_pa/requirements.txt (line 1))
[2025-01-08T12:33:41.996+0000] {process_utils.py:194} INFO -   Using cached python_dotenv-1.0.1-py3-none-any.whl.metadata (23 kB)
[2025-01-08T12:33:42.059+0000] {process_utils.py:194} INFO - Collecting python-ulid<4.0.0,>=3.0.0 (from airbyte->-r /tmp/venvfa2nd_pa/requirements.txt (line 1))
[2025-01-08T12:33:42.084+0000] {process_utils.py:194} INFO -   Using cached python_ulid-3.0.0-py3-none-any.whl.metadata (5.8 kB)
[2025-01-08T12:33:42.289+0000] {process_utils.py:194} INFO - Collecting pytz (from airbyte->-r /tmp/venvfa2nd_pa/requirements.txt (line 1))
[2025-01-08T12:33:42.293+0000] {process_utils.py:194} INFO -   Using cached pytz-2024.2-py2.py3-none-any.whl.metadata (22 kB)
[2025-01-08T12:33:42.520+0000] {process_utils.py:194} INFO - Collecting pyyaml<7.0.0,>=6.0.2 (from airbyte->-r /tmp/venvfa2nd_pa/requirements.txt (line 1))
[2025-01-08T12:33:42.525+0000] {process_utils.py:194} INFO -   Using cached PyYAML-6.0.2-cp312-cp312-manylinux_2_17_x86_64.manylinux2014_x86_64.whl.metadata (2.1 kB)
[2025-01-08T12:33:43.052+0000] {process_utils.py:194} INFO - Collecting requests<=2.32.2 (from airbyte->-r /tmp/venvfa2nd_pa/requirements.txt (line 1))
[2025-01-08T12:33:43.063+0000] {process_utils.py:194} INFO -   Using cached requests-2.32.2-py3-none-any.whl.metadata (4.6 kB)
[2025-01-08T12:33:43.444+0000] {process_utils.py:194} INFO - Collecting rich<14.0.0,>=13.7.0 (from airbyte->-r /tmp/venvfa2nd_pa/requirements.txt (line 1))
[2025-01-08T12:33:43.464+0000] {process_utils.py:194} INFO -   Using cached rich-13.9.4-py3-none-any.whl.metadata (18 kB)
[2025-01-08T12:33:44.151+0000] {process_utils.py:194} INFO - Collecting snowflake-connector-python<4.0.0,>=3.12.2 (from airbyte->-r /tmp/venvfa2nd_pa/requirements.txt (line 1))
[2025-01-08T12:33:44.154+0000] {process_utils.py:194} INFO -   Using cached snowflake_connector_python-3.12.4-cp312-cp312-manylinux_2_17_x86_64.manylinux2014_x86_64.whl.metadata (65 kB)
[2025-01-08T12:33:44.445+0000] {process_utils.py:194} INFO - Collecting snowflake-sqlalchemy<2.0.0,>=1.6.1 (from airbyte->-r /tmp/venvfa2nd_pa/requirements.txt (line 1))
[2025-01-08T12:33:44.452+0000] {process_utils.py:194} INFO -   Using cached snowflake_sqlalchemy-1.7.2-py3-none-any.whl.metadata (28 kB)
[2025-01-08T12:33:45.923+0000] {process_utils.py:194} INFO - Collecting sqlalchemy!=2.0.36,<3.0,>=1.4.51 (from airbyte->-r /tmp/venvfa2nd_pa/requirements.txt (line 1))
[2025-01-08T12:33:45.932+0000] {process_utils.py:194} INFO -   Using cached SQLAlchemy-2.0.35-cp312-cp312-manylinux_2_17_x86_64.manylinux2014_x86_64.whl.metadata (9.6 kB)
[2025-01-08T12:33:46.067+0000] {process_utils.py:194} INFO - Collecting sqlalchemy-bigquery==1.12.0 (from airbyte->-r /tmp/venvfa2nd_pa/requirements.txt (line 1))
[2025-01-08T12:33:46.080+0000] {process_utils.py:194} INFO -   Using cached sqlalchemy_bigquery-1.12.0-py2.py3-none-any.whl.metadata (15 kB)
[2025-01-08T12:33:46.226+0000] {process_utils.py:194} INFO - Collecting structlog<25.0.0,>=24.4.0 (from airbyte->-r /tmp/venvfa2nd_pa/requirements.txt (line 1))
[2025-01-08T12:33:46.252+0000] {process_utils.py:194} INFO -   Using cached structlog-24.4.0-py3-none-any.whl.metadata (7.3 kB)
[2025-01-08T12:33:46.375+0000] {process_utils.py:194} INFO - Collecting typing-extensions (from airbyte->-r /tmp/venvfa2nd_pa/requirements.txt (line 1))
[2025-01-08T12:33:46.378+0000] {process_utils.py:194} INFO -   Using cached typing_extensions-4.12.2-py3-none-any.whl.metadata (3.0 kB)
[2025-01-08T12:33:46.454+0000] {process_utils.py:194} INFO - Collecting uuid7<0.2.0,>=0.1.0 (from airbyte->-r /tmp/venvfa2nd_pa/requirements.txt (line 1))
[2025-01-08T12:33:46.455+0000] {process_utils.py:194} INFO -   Using cached uuid7-0.1.0-py2.py3-none-any.whl.metadata (3.6 kB)
[2025-01-08T12:33:46.801+0000] {process_utils.py:194} INFO - Collecting google-api-core!=2.0.*,!=2.1.*,!=2.2.*,!=2.3.0,<3.0.0dev,>=1.31.5 (from sqlalchemy-bigquery==1.12.0->airbyte->-r /tmp/venvfa2nd_pa/requirements.txt (line 1))
[2025-01-08T12:33:46.808+0000] {process_utils.py:194} INFO -   Using cached google_api_core-2.24.0-py3-none-any.whl.metadata (3.0 kB)
[2025-01-08T12:33:46.984+0000] {process_utils.py:194} INFO - Collecting packaging (from sqlalchemy-bigquery==1.12.0->airbyte->-r /tmp/venvfa2nd_pa/requirements.txt (line 1))
[2025-01-08T12:33:46.988+0000] {process_utils.py:194} INFO -   Using cached packaging-24.2-py3-none-any.whl.metadata (3.2 kB)
[2025-01-08T12:33:47.173+0000] {process_utils.py:194} INFO - Collecting python-dateutil>=2.6 (from pendulum->-r /tmp/venvfa2nd_pa/requirements.txt (line 2))
[2025-01-08T12:33:47.177+0000] {process_utils.py:194} INFO -   Using cached python_dateutil-2.9.0.post0-py2.py3-none-any.whl.metadata (8.4 kB)
[2025-01-08T12:33:47.245+0000] {process_utils.py:194} INFO - Collecting tzdata>=2020.1 (from pendulum->-r /tmp/venvfa2nd_pa/requirements.txt (line 2))
[2025-01-08T12:33:47.248+0000] {process_utils.py:194} INFO -   Using cached tzdata-2024.2-py2.py3-none-any.whl.metadata (1.4 kB)
[2025-01-08T12:33:47.683+0000] {process_utils.py:194} INFO - Collecting time-machine>=2.6.0 (from pendulum->-r /tmp/venvfa2nd_pa/requirements.txt (line 2))
[2025-01-08T12:33:47.690+0000] {process_utils.py:194} INFO -   Using cached time_machine-2.16.0-cp312-cp312-manylinux_2_5_x86_64.manylinux1_x86_64.manylinux_2_17_x86_64.manylinux2014_x86_64.whl.metadata (21 kB)
[2025-01-08T12:33:47.825+0000] {process_utils.py:194} INFO - Collecting certifi>=2023.7.22 (from airbyte-api<0.53.0,>=0.52.1->airbyte->-r /tmp/venvfa2nd_pa/requirements.txt (line 1))
[2025-01-08T12:33:47.833+0000] {process_utils.py:194} INFO -   Using cached certifi-2024.12.14-py3-none-any.whl.metadata (2.3 kB)
[2025-01-08T12:33:48.233+0000] {process_utils.py:194} INFO - Collecting charset-normalizer>=3.2.0 (from airbyte-api<0.53.0,>=0.52.1->airbyte->-r /tmp/venvfa2nd_pa/requirements.txt (line 1))
[2025-01-08T12:33:48.237+0000] {process_utils.py:194} INFO -   Using cached charset_normalizer-3.4.1-cp312-cp312-manylinux_2_17_x86_64.manylinux2014_x86_64.whl.metadata (35 kB)
[2025-01-08T12:33:48.381+0000] {process_utils.py:194} INFO - Collecting dataclasses-json>=0.6.4 (from airbyte-api<0.53.0,>=0.52.1->airbyte->-r /tmp/venvfa2nd_pa/requirements.txt (line 1))
[2025-01-08T12:33:48.385+0000] {process_utils.py:194} INFO -   Using cached dataclasses_json-0.6.7-py3-none-any.whl.metadata (25 kB)
[2025-01-08T12:33:48.462+0000] {process_utils.py:194} INFO - Collecting idna>=3.4 (from airbyte-api<0.53.0,>=0.52.1->airbyte->-r /tmp/venvfa2nd_pa/requirements.txt (line 1))
[2025-01-08T12:33:48.467+0000] {process_utils.py:194} INFO -   Using cached idna-3.10-py3-none-any.whl.metadata (10 kB)
[2025-01-08T12:33:48.527+0000] {process_utils.py:194} INFO - Collecting jsonpath-python>=1.0.6 (from airbyte-api<0.53.0,>=0.52.1->airbyte->-r /tmp/venvfa2nd_pa/requirements.txt (line 1))
[2025-01-08T12:33:48.530+0000] {process_utils.py:194} INFO -   Using cached jsonpath_python-1.0.6-py3-none-any.whl.metadata (12 kB)
[2025-01-08T12:33:48.890+0000] {process_utils.py:194} INFO - Collecting marshmallow>=3.19.0 (from airbyte-api<0.53.0,>=0.52.1->airbyte->-r /tmp/venvfa2nd_pa/requirements.txt (line 1))
[2025-01-08T12:33:48.898+0000] {process_utils.py:194} INFO -   Using cached marshmallow-3.24.1-py3-none-any.whl.metadata (7.1 kB)
[2025-01-08T12:33:49.000+0000] {process_utils.py:194} INFO - Collecting mypy-extensions>=1.0.0 (from airbyte-api<0.53.0,>=0.52.1->airbyte->-r /tmp/venvfa2nd_pa/requirements.txt (line 1))
[2025-01-08T12:33:49.005+0000] {process_utils.py:194} INFO -   Using cached mypy_extensions-1.0.0-py3-none-any.whl.metadata (1.1 kB)
[2025-01-08T12:33:49.159+0000] {process_utils.py:194} INFO - Collecting six>=1.16.0 (from airbyte-api<0.53.0,>=0.52.1->airbyte->-r /tmp/venvfa2nd_pa/requirements.txt (line 1))
[2025-01-08T12:33:49.164+0000] {process_utils.py:194} INFO -   Using cached six-1.17.0-py2.py3-none-any.whl.metadata (1.7 kB)
[2025-01-08T12:33:49.237+0000] {process_utils.py:194} INFO - Collecting typing-inspect>=0.9.0 (from airbyte-api<0.53.0,>=0.52.1->airbyte->-r /tmp/venvfa2nd_pa/requirements.txt (line 1))
[2025-01-08T12:33:49.242+0000] {process_utils.py:194} INFO -   Using cached typing_inspect-0.9.0-py3-none-any.whl.metadata (1.5 kB)
[2025-01-08T12:33:49.482+0000] {process_utils.py:194} INFO - Collecting urllib3>=1.26.18 (from airbyte-api<0.53.0,>=0.52.1->airbyte->-r /tmp/venvfa2nd_pa/requirements.txt (line 1))
[2025-01-08T12:33:49.486+0000] {process_utils.py:194} INFO -   Using cached urllib3-2.3.0-py3-none-any.whl.metadata (6.5 kB)
[2025-01-08T12:33:49.601+0000] {process_utils.py:194} INFO - Collecting Jinja2<3.2.0,>=3.1.2 (from airbyte-cdk<7.0.0,>=6.9.0->airbyte->-r /tmp/venvfa2nd_pa/requirements.txt (line 1))
[2025-01-08T12:33:49.606+0000] {process_utils.py:194} INFO -   Using cached jinja2-3.1.5-py3-none-any.whl.metadata (2.6 kB)
[2025-01-08T12:33:49.700+0000] {process_utils.py:194} INFO - Collecting Unidecode<2.0,>=1.3 (from airbyte-cdk<7.0.0,>=6.9.0->airbyte->-r /tmp/venvfa2nd_pa/requirements.txt (line 1))
[2025-01-08T12:33:49.704+0000] {process_utils.py:194} INFO -   Using cached Unidecode-1.3.8-py3-none-any.whl.metadata (13 kB)
[2025-01-08T12:33:49.790+0000] {process_utils.py:194} INFO - Collecting airbyte-protocol-models-dataclasses<0.15,>=0.14 (from airbyte-cdk<7.0.0,>=6.9.0->airbyte->-r /tmp/venvfa2nd_pa/requirements.txt (line 1))
[2025-01-08T12:33:49.794+0000] {process_utils.py:194} INFO -   Using cached airbyte_protocol_models_dataclasses-0.14.1-py3-none-any.whl.metadata (3.9 kB)
[2025-01-08T12:33:49.876+0000] {process_utils.py:194} INFO - Collecting backoff (from airbyte-cdk<7.0.0,>=6.9.0->airbyte->-r /tmp/venvfa2nd_pa/requirements.txt (line 1))
[2025-01-08T12:33:49.881+0000] {process_utils.py:194} INFO -   Using cached backoff-2.2.1-py3-none-any.whl.metadata (14 kB)
[2025-01-08T12:33:49.984+0000] {process_utils.py:194} INFO - Collecting cachetools (from airbyte-cdk<7.0.0,>=6.9.0->airbyte->-r /tmp/venvfa2nd_pa/requirements.txt (line 1))
[2025-01-08T12:33:49.989+0000] {process_utils.py:194} INFO -   Using cached cachetools-5.5.0-py3-none-any.whl.metadata (5.3 kB)
[2025-01-08T12:33:50.834+0000] {process_utils.py:194} INFO - Collecting cryptography<44.0.0,>=42.0.5 (from airbyte-cdk<7.0.0,>=6.9.0->airbyte->-r /tmp/venvfa2nd_pa/requirements.txt (line 1))
[2025-01-08T12:33:50.842+0000] {process_utils.py:194} INFO -   Using cached cryptography-43.0.3-cp39-abi3-manylinux_2_28_x86_64.whl.metadata (5.4 kB)
[2025-01-08T12:33:50.977+0000] {process_utils.py:194} INFO - Collecting dpath<3.0.0,>=2.1.6 (from airbyte-cdk<7.0.0,>=6.9.0->airbyte->-r /tmp/venvfa2nd_pa/requirements.txt (line 1))
[2025-01-08T12:33:50.999+0000] {process_utils.py:194} INFO -   Using cached dpath-2.2.0-py3-none-any.whl.metadata (15 kB)
[2025-01-08T12:33:51.115+0000] {process_utils.py:194} INFO - Collecting dunamai<2.0.0,>=1.22.0 (from airbyte-cdk<7.0.0,>=6.9.0->airbyte->-r /tmp/venvfa2nd_pa/requirements.txt (line 1))
[2025-01-08T12:33:51.119+0000] {process_utils.py:194} INFO -   Using cached dunamai-1.23.0-py3-none-any.whl.metadata (10 kB)
[2025-01-08T12:33:51.203+0000] {process_utils.py:194} INFO - Collecting genson==1.3.0 (from airbyte-cdk<7.0.0,>=6.9.0->airbyte->-r /tmp/venvfa2nd_pa/requirements.txt (line 1))
[2025-01-08T12:33:51.207+0000] {process_utils.py:194} INFO -   Using cached genson-1.3.0-py3-none-any.whl.metadata (28 kB)
[2025-01-08T12:33:51.271+0000] {process_utils.py:194} INFO - Collecting isodate<0.7.0,>=0.6.1 (from airbyte-cdk<7.0.0,>=6.9.0->airbyte->-r /tmp/venvfa2nd_pa/requirements.txt (line 1))
[2025-01-08T12:33:51.283+0000] {process_utils.py:194} INFO -   Using cached isodate-0.6.1-py2.py3-none-any.whl.metadata (9.6 kB)
[2025-01-08T12:33:51.396+0000] {process_utils.py:194} INFO - Collecting jsonref<0.3,>=0.2 (from airbyte-cdk<7.0.0,>=6.9.0->airbyte->-r /tmp/venvfa2nd_pa/requirements.txt (line 1))
[2025-01-08T12:33:51.401+0000] {process_utils.py:194} INFO -   Using cached jsonref-0.2-py3-none-any.whl.metadata (3.4 kB)
[2025-01-08T12:33:51.467+0000] {process_utils.py:194} INFO - Collecting jsonschema<5.0,>=3.2.0 (from airbyte->-r /tmp/venvfa2nd_pa/requirements.txt (line 1))
[2025-01-08T12:33:51.471+0000] {process_utils.py:194} INFO -   Using cached jsonschema-4.17.3-py3-none-any.whl.metadata (7.9 kB)
[2025-01-08T12:33:51.866+0000] {process_utils.py:194} INFO - Collecting langchain_core==0.1.42 (from airbyte-cdk<7.0.0,>=6.9.0->airbyte->-r /tmp/venvfa2nd_pa/requirements.txt (line 1))
[2025-01-08T12:33:51.869+0000] {process_utils.py:194} INFO -   Using cached langchain_core-0.1.42-py3-none-any.whl.metadata (5.9 kB)
[2025-01-08T12:33:51.990+0000] {process_utils.py:194} INFO - Collecting nltk==3.9.1 (from airbyte-cdk<7.0.0,>=6.9.0->airbyte->-r /tmp/venvfa2nd_pa/requirements.txt (line 1))
[2025-01-08T12:33:51.994+0000] {process_utils.py:194} INFO -   Using cached nltk-3.9.1-py3-none-any.whl.metadata (2.9 kB)
[2025-01-08T12:33:53.099+0000] {process_utils.py:194} INFO - Collecting numpy<2 (from airbyte-cdk<7.0.0,>=6.9.0->airbyte->-r /tmp/venvfa2nd_pa/requirements.txt (line 1))
[2025-01-08T12:33:53.103+0000] {process_utils.py:194} INFO -   Using cached numpy-1.26.4-cp312-cp312-manylinux_2_17_x86_64.manylinux2014_x86_64.whl.metadata (61 kB)
[2025-01-08T12:33:53.275+0000] {process_utils.py:194} INFO - Collecting pandas<3.0,>=1.5.3 (from airbyte->-r /tmp/venvfa2nd_pa/requirements.txt (line 1))
[2025-01-08T12:33:53.283+0000] {process_utils.py:194} INFO -   Using cached pandas-2.2.2-cp312-cp312-manylinux_2_17_x86_64.manylinux2014_x86_64.whl.metadata (19 kB)
[2025-01-08T12:33:53.356+0000] {process_utils.py:194} INFO - Collecting pendulum (from -r /tmp/venvfa2nd_pa/requirements.txt (line 2))
[2025-01-08T12:33:53.360+0000] {process_utils.py:194} INFO -   Using cached pendulum-2.1.2.tar.gz (81 kB)
[2025-01-08T12:33:53.449+0000] {process_utils.py:194} INFO -   Installing build dependencies: started
[2025-01-08T12:33:59.013+0000] {process_utils.py:194} INFO -   Installing build dependencies: finished with status 'done'
[2025-01-08T12:33:59.013+0000] {process_utils.py:194} INFO -   Getting requirements to build wheel: started
[2025-01-08T12:34:00.090+0000] {process_utils.py:194} INFO -   Getting requirements to build wheel: finished with status 'done'
[2025-01-08T12:34:00.091+0000] {process_utils.py:194} INFO -   Preparing metadata (pyproject.toml): started
[2025-01-08T12:34:01.738+0000] {process_utils.py:194} INFO -   Preparing metadata (pyproject.toml): finished with status 'done'
[2025-01-08T12:34:02.169+0000] {process_utils.py:194} INFO - Collecting psutil==6.1.0 (from airbyte-cdk<7.0.0,>=6.9.0->airbyte->-r /tmp/venvfa2nd_pa/requirements.txt (line 1))
[2025-01-08T12:34:02.173+0000] {process_utils.py:194} INFO -   Using cached psutil-6.1.0-cp36-abi3-manylinux_2_12_x86_64.manylinux2010_x86_64.manylinux_2_17_x86_64.manylinux2014_x86_64.whl.metadata (22 kB)
[2025-01-08T12:34:02.339+0000] {process_utils.py:194} INFO - Collecting pyjwt<3.0.0,>=2.8.0 (from airbyte-cdk<7.0.0,>=6.9.0->airbyte->-r /tmp/venvfa2nd_pa/requirements.txt (line 1))
[2025-01-08T12:34:02.343+0000] {process_utils.py:194} INFO -   Using cached PyJWT-2.10.1-py3-none-any.whl.metadata (4.0 kB)
[2025-01-08T12:34:02.455+0000] {process_utils.py:194} INFO - Collecting pyrate-limiter<3.2.0,>=3.1.0 (from airbyte-cdk<7.0.0,>=6.9.0->airbyte->-r /tmp/venvfa2nd_pa/requirements.txt (line 1))
[2025-01-08T12:34:02.471+0000] {process_utils.py:194} INFO -   Using cached pyrate_limiter-3.1.1-py3-none-any.whl.metadata (22 kB)
[2025-01-08T12:34:04.920+0000] {process_utils.py:194} INFO - Collecting rapidfuzz<4.0.0,>=3.10.1 (from airbyte-cdk<7.0.0,>=6.9.0->airbyte->-r /tmp/venvfa2nd_pa/requirements.txt (line 1))
[2025-01-08T12:34:04.927+0000] {process_utils.py:194} INFO -   Using cached rapidfuzz-3.11.0-cp312-cp312-manylinux_2_17_x86_64.manylinux2014_x86_64.whl.metadata (11 kB)
[2025-01-08T12:34:05.099+0000] {process_utils.py:194} INFO - Collecting requests_cache (from airbyte-cdk<7.0.0,>=6.9.0->airbyte->-r /tmp/venvfa2nd_pa/requirements.txt (line 1))
[2025-01-08T12:34:05.105+0000] {process_utils.py:194} INFO -   Using cached requests_cache-1.2.1-py3-none-any.whl.metadata (9.9 kB)
[2025-01-08T12:34:05.560+0000] {process_utils.py:194} INFO - Collecting serpyco-rs<2.0.0,>=1.10.2 (from airbyte-cdk<7.0.0,>=6.9.0->airbyte->-r /tmp/venvfa2nd_pa/requirements.txt (line 1))
[2025-01-08T12:34:05.565+0000] {process_utils.py:194} INFO -   Using cached serpyco_rs-1.11.0-cp312-cp312-manylinux_2_17_x86_64.manylinux2014_x86_64.whl.metadata (16 kB)
[2025-01-08T12:34:05.664+0000] {process_utils.py:194} INFO - Collecting wcmatch==10.0 (from airbyte-cdk<7.0.0,>=6.9.0->airbyte->-r /tmp/venvfa2nd_pa/requirements.txt (line 1))
[2025-01-08T12:34:05.669+0000] {process_utils.py:194} INFO -   Using cached wcmatch-10.0-py3-none-any.whl.metadata (5.0 kB)
[2025-01-08T12:34:05.745+0000] {process_utils.py:194} INFO - Collecting xmltodict<0.14.0,>=0.13.0 (from airbyte-cdk<7.0.0,>=6.9.0->airbyte->-r /tmp/venvfa2nd_pa/requirements.txt (line 1))
[2025-01-08T12:34:05.750+0000] {process_utils.py:194} INFO -   Using cached xmltodict-0.13.0-py2.py3-none-any.whl.metadata (7.7 kB)
[2025-01-08T12:34:05.957+0000] {process_utils.py:194} INFO - Collecting jsonpatch<2.0,>=1.33 (from langchain_core==0.1.42->airbyte-cdk<7.0.0,>=6.9.0->airbyte->-r /tmp/venvfa2nd_pa/requirements.txt (line 1))
[2025-01-08T12:34:05.963+0000] {process_utils.py:194} INFO -   Using cached jsonpatch-1.33-py2.py3-none-any.whl.metadata (3.0 kB)
[2025-01-08T12:34:06.435+0000] {process_utils.py:194} INFO - Collecting langsmith<0.2.0,>=0.1.0 (from langchain_core==0.1.42->airbyte-cdk<7.0.0,>=6.9.0->airbyte->-r /tmp/venvfa2nd_pa/requirements.txt (line 1))
[2025-01-08T12:34:06.448+0000] {process_utils.py:194} INFO -   Using cached langsmith-0.1.147-py3-none-any.whl.metadata (14 kB)
[2025-01-08T12:34:06.485+0000] {process_utils.py:194} INFO - Collecting packaging (from sqlalchemy-bigquery==1.12.0->airbyte->-r /tmp/venvfa2nd_pa/requirements.txt (line 1))
[2025-01-08T12:34:06.489+0000] {process_utils.py:194} INFO -   Using cached packaging-23.2-py3-none-any.whl.metadata (3.2 kB)
[2025-01-08T12:34:06.716+0000] {process_utils.py:194} INFO - Collecting tenacity<9.0.0,>=8.1.0 (from langchain_core==0.1.42->airbyte-cdk<7.0.0,>=6.9.0->airbyte->-r /tmp/venvfa2nd_pa/requirements.txt (line 1))
[2025-01-08T12:34:06.729+0000] {process_utils.py:194} INFO -   Using cached tenacity-8.5.0-py3-none-any.whl.metadata (1.2 kB)
[2025-01-08T12:34:06.870+0000] {process_utils.py:194} INFO - Collecting joblib (from nltk==3.9.1->airbyte-cdk<7.0.0,>=6.9.0->airbyte->-r /tmp/venvfa2nd_pa/requirements.txt (line 1))
[2025-01-08T12:34:06.877+0000] {process_utils.py:194} INFO -   Using cached joblib-1.4.2-py3-none-any.whl.metadata (5.4 kB)
[2025-01-08T12:34:08.335+0000] {process_utils.py:194} INFO - Collecting regex>=2021.8.3 (from nltk==3.9.1->airbyte-cdk<7.0.0,>=6.9.0->airbyte->-r /tmp/venvfa2nd_pa/requirements.txt (line 1))
[2025-01-08T12:34:08.340+0000] {process_utils.py:194} INFO -   Using cached regex-2024.11.6-cp312-cp312-manylinux_2_17_x86_64.manylinux2014_x86_64.whl.metadata (40 kB)
[2025-01-08T12:34:08.631+0000] {process_utils.py:194} INFO - Collecting tqdm (from nltk==3.9.1->airbyte-cdk<7.0.0,>=6.9.0->airbyte->-r /tmp/venvfa2nd_pa/requirements.txt (line 1))
[2025-01-08T12:34:08.635+0000] {process_utils.py:194} INFO -   Using cached tqdm-4.67.1-py3-none-any.whl.metadata (57 kB)
[2025-01-08T12:34:08.717+0000] {process_utils.py:194} INFO - Collecting bracex>=2.1.1 (from wcmatch==10.0->airbyte-cdk<7.0.0,>=6.9.0->airbyte->-r /tmp/venvfa2nd_pa/requirements.txt (line 1))
[2025-01-08T12:34:08.722+0000] {process_utils.py:194} INFO -   Using cached bracex-2.5.post1-py3-none-any.whl.metadata (3.5 kB)
[2025-01-08T12:34:08.805+0000] {process_utils.py:194} INFO - Collecting pytzdata>=2020.1 (from pendulum->-r /tmp/venvfa2nd_pa/requirements.txt (line 2))
[2025-01-08T12:34:08.808+0000] {process_utils.py:194} INFO -   Using cached pytzdata-2020.1-py2.py3-none-any.whl.metadata (2.3 kB)
[2025-01-08T12:34:09.393+0000] {process_utils.py:194} INFO - Collecting pyasn1-modules>=0.2.1 (from google-auth<3.0,>=2.27.0->airbyte->-r /tmp/venvfa2nd_pa/requirements.txt (line 1))
[2025-01-08T12:34:09.396+0000] {process_utils.py:194} INFO -   Using cached pyasn1_modules-0.4.1-py3-none-any.whl.metadata (3.5 kB)
[2025-01-08T12:34:09.474+0000] {process_utils.py:194} INFO - Collecting rsa<5,>=3.1.4 (from google-auth<3.0,>=2.27.0->airbyte->-r /tmp/venvfa2nd_pa/requirements.txt (line 1))
[2025-01-08T12:34:09.476+0000] {process_utils.py:194} INFO -   Using cached rsa-4.9-py3-none-any.whl.metadata (4.2 kB)
[2025-01-08T12:34:09.675+0000] {process_utils.py:194} INFO - Collecting google-cloud-core<3.0.0dev,>=2.4.1 (from google-cloud-bigquery<4.0,>=3.12.0->airbyte->-r /tmp/venvfa2nd_pa/requirements.txt (line 1))
[2025-01-08T12:34:09.678+0000] {process_utils.py:194} INFO -   Using cached google_cloud_core-2.4.1-py2.py3-none-any.whl.metadata (2.7 kB)
[2025-01-08T12:34:09.765+0000] {process_utils.py:194} INFO - Collecting google-resumable-media<3.0dev,>=2.0.0 (from google-cloud-bigquery<4.0,>=3.12.0->airbyte->-r /tmp/venvfa2nd_pa/requirements.txt (line 1))
[2025-01-08T12:34:09.768+0000] {process_utils.py:194} INFO -   Using cached google_resumable_media-2.7.2-py2.py3-none-any.whl.metadata (2.2 kB)
[2025-01-08T12:34:10.116+0000] {process_utils.py:194} INFO - Collecting proto-plus<2.0.0dev,>=1.22.0 (from google-cloud-bigquery-storage<3.0.0,>=2.25.0->airbyte->-r /tmp/venvfa2nd_pa/requirements.txt (line 1))
[2025-01-08T12:34:10.121+0000] {process_utils.py:194} INFO -   Using cached proto_plus-1.25.0-py3-none-any.whl.metadata (2.2 kB)
[2025-01-08T12:34:11.006+0000] {process_utils.py:194} INFO - Collecting protobuf!=3.20.0,!=3.20.1,!=4.21.0,!=4.21.1,!=4.21.2,!=4.21.3,!=4.21.4,!=4.21.5,<6.0.0dev,>=3.20.2 (from google-cloud-bigquery-storage<3.0.0,>=2.25.0->airbyte->-r /tmp/venvfa2nd_pa/requirements.txt (line 1))
[2025-01-08T12:34:11.009+0000] {process_utils.py:194} INFO -   Using cached protobuf-5.29.2-cp38-abi3-manylinux2014_x86_64.whl.metadata (592 bytes)
[2025-01-08T12:34:11.232+0000] {process_utils.py:194} INFO - Collecting grpc-google-iam-v1<1.0.0dev,>=0.12.4 (from google-cloud-secret-manager<3.0.0,>=2.17.0->airbyte->-r /tmp/venvfa2nd_pa/requirements.txt (line 1))
[2025-01-08T12:34:11.235+0000] {process_utils.py:194} INFO -   Using cached grpc_google_iam_v1-0.14.0-py2.py3-none-any.whl.metadata (3.3 kB)
[2025-01-08T12:34:11.303+0000] {process_utils.py:194} INFO - Collecting attrs>=17.4.0 (from jsonschema<5.0,>=3.2.0->airbyte->-r /tmp/venvfa2nd_pa/requirements.txt (line 1))
[2025-01-08T12:34:11.307+0000] {process_utils.py:194} INFO -   Using cached attrs-24.3.0-py3-none-any.whl.metadata (11 kB)
[2025-01-08T12:34:11.426+0000] {process_utils.py:194} INFO - Collecting pyrsistent!=0.17.0,!=0.17.1,!=0.17.2,>=0.14.0 (from jsonschema<5.0,>=3.2.0->airbyte->-r /tmp/venvfa2nd_pa/requirements.txt (line 1))
[2025-01-08T12:34:11.431+0000] {process_utils.py:194} INFO -   Using cached pyrsistent-0.20.0-cp312-cp312-manylinux_2_17_x86_64.manylinux2014_x86_64.whl.metadata (27 kB)
[2025-01-08T12:34:11.915+0000] {process_utils.py:194} INFO - Collecting psycopg-binary==3.2.3 (from psycopg[binary,pool]<4.0.0,>=3.1.19->airbyte->-r /tmp/venvfa2nd_pa/requirements.txt (line 1))
[2025-01-08T12:34:11.919+0000] {process_utils.py:194} INFO -   Using cached psycopg_binary-3.2.3-cp312-cp312-manylinux_2_17_x86_64.manylinux2014_x86_64.whl.metadata (2.8 kB)
[2025-01-08T12:34:11.969+0000] {process_utils.py:194} INFO - Collecting psycopg-pool (from psycopg[binary,pool]<4.0.0,>=3.1.19->airbyte->-r /tmp/venvfa2nd_pa/requirements.txt (line 1))
[2025-01-08T12:34:11.973+0000] {process_utils.py:194} INFO -   Using cached psycopg_pool-3.2.4-py3-none-any.whl.metadata (2.6 kB)
[2025-01-08T12:34:12.061+0000] {process_utils.py:194} INFO - Collecting annotated-types>=0.6.0 (from pydantic<=3.0,>=2.0->airbyte->-r /tmp/venvfa2nd_pa/requirements.txt (line 1))
[2025-01-08T12:34:12.066+0000] {process_utils.py:194} INFO -   Using cached annotated_types-0.7.0-py3-none-any.whl.metadata (15 kB)
[2025-01-08T12:34:12.302+0000] {process_utils.py:194} INFO - Collecting markdown-it-py>=2.2.0 (from rich<14.0.0,>=13.7.0->airbyte->-r /tmp/venvfa2nd_pa/requirements.txt (line 1))
[2025-01-08T12:34:12.306+0000] {process_utils.py:194} INFO -   Using cached markdown_it_py-3.0.0-py3-none-any.whl.metadata (6.9 kB)
[2025-01-08T12:34:12.394+0000] {process_utils.py:194} INFO - Collecting pygments<3.0.0,>=2.13.0 (from rich<14.0.0,>=13.7.0->airbyte->-r /tmp/venvfa2nd_pa/requirements.txt (line 1))
[2025-01-08T12:34:12.398+0000] {process_utils.py:194} INFO -   Using cached pygments-2.19.1-py3-none-any.whl.metadata (2.5 kB)
[2025-01-08T12:34:12.452+0000] {process_utils.py:194} INFO - Collecting asn1crypto<2.0.0,>0.24.0 (from snowflake-connector-python<4.0.0,>=3.12.2->airbyte->-r /tmp/venvfa2nd_pa/requirements.txt (line 1))
[2025-01-08T12:34:12.455+0000] {process_utils.py:194} INFO -   Using cached asn1crypto-1.5.1-py2.py3-none-any.whl.metadata (13 kB)
[2025-01-08T12:34:12.778+0000] {process_utils.py:194} INFO - Collecting cffi<2.0.0,>=1.9 (from snowflake-connector-python<4.0.0,>=3.12.2->airbyte->-r /tmp/venvfa2nd_pa/requirements.txt (line 1))
[2025-01-08T12:34:12.781+0000] {process_utils.py:194} INFO -   Using cached cffi-1.17.1-cp312-cp312-manylinux_2_17_x86_64.manylinux2014_x86_64.whl.metadata (1.5 kB)
[2025-01-08T12:34:12.887+0000] {process_utils.py:194} INFO - Collecting pyOpenSSL<25.0.0,>=22.0.0 (from snowflake-connector-python<4.0.0,>=3.12.2->airbyte->-r /tmp/venvfa2nd_pa/requirements.txt (line 1))
[2025-01-08T12:34:12.890+0000] {process_utils.py:194} INFO -   Using cached pyOpenSSL-24.3.0-py3-none-any.whl.metadata (15 kB)
[2025-01-08T12:34:13.062+0000] {process_utils.py:194} INFO - Collecting filelock<4,>=3.5 (from snowflake-connector-python<4.0.0,>=3.12.2->airbyte->-r /tmp/venvfa2nd_pa/requirements.txt (line 1))
[2025-01-08T12:34:13.065+0000] {process_utils.py:194} INFO -   Using cached filelock-3.16.1-py3-none-any.whl.metadata (2.9 kB)
[2025-01-08T12:34:13.108+0000] {process_utils.py:194} INFO - Collecting sortedcontainers>=2.4.0 (from snowflake-connector-python<4.0.0,>=3.12.2->airbyte->-r /tmp/venvfa2nd_pa/requirements.txt (line 1))
[2025-01-08T12:34:13.110+0000] {process_utils.py:194} INFO -   Using cached sortedcontainers-2.4.0-py2.py3-none-any.whl.metadata (10 kB)
[2025-01-08T12:34:13.187+0000] {process_utils.py:194} INFO - Collecting platformdirs<5.0.0,>=2.6.0 (from snowflake-connector-python<4.0.0,>=3.12.2->airbyte->-r /tmp/venvfa2nd_pa/requirements.txt (line 1))
[2025-01-08T12:34:13.191+0000] {process_utils.py:194} INFO -   Using cached platformdirs-4.3.6-py3-none-any.whl.metadata (11 kB)
[2025-01-08T12:34:13.295+0000] {process_utils.py:194} INFO - Collecting tomlkit (from snowflake-connector-python<4.0.0,>=3.12.2->airbyte->-r /tmp/venvfa2nd_pa/requirements.txt (line 1))
[2025-01-08T12:34:13.299+0000] {process_utils.py:194} INFO -   Using cached tomlkit-0.13.2-py3-none-any.whl.metadata (2.7 kB)
[2025-01-08T12:34:13.761+0000] {process_utils.py:194} INFO - Collecting greenlet!=0.4.17 (from sqlalchemy!=2.0.36,<3.0,>=1.4.51->airbyte->-r /tmp/venvfa2nd_pa/requirements.txt (line 1))
[2025-01-08T12:34:13.766+0000] {process_utils.py:194} INFO -   Using cached greenlet-3.1.1-cp312-cp312-manylinux_2_24_x86_64.manylinux_2_28_x86_64.whl.metadata (3.8 kB)
[2025-01-08T12:34:13.898+0000] {process_utils.py:194} INFO - Collecting pycparser (from cffi<2.0.0,>=1.9->snowflake-connector-python<4.0.0,>=3.12.2->airbyte->-r /tmp/venvfa2nd_pa/requirements.txt (line 1))
[2025-01-08T12:34:13.902+0000] {process_utils.py:194} INFO -   Using cached pycparser-2.22-py3-none-any.whl.metadata (943 bytes)
[2025-01-08T12:34:14.111+0000] {process_utils.py:194} INFO - Collecting googleapis-common-protos<2.0.dev0,>=1.56.2 (from google-api-core!=2.0.*,!=2.1.*,!=2.2.*,!=2.3.0,<3.0.0dev,>=1.31.5->sqlalchemy-bigquery==1.12.0->airbyte->-r /tmp/venvfa2nd_pa/requirements.txt (line 1))
[2025-01-08T12:34:14.114+0000] {process_utils.py:194} INFO -   Using cached googleapis_common_protos-1.66.0-py2.py3-none-any.whl.metadata (1.5 kB)
[2025-01-08T12:34:16.086+0000] {process_utils.py:194} INFO - Collecting grpcio<2.0dev,>=1.33.2 (from google-api-core[grpc]<3.0.0dev,>=2.11.1->google-cloud-bigquery<4.0,>=3.12.0->airbyte->-r /tmp/venvfa2nd_pa/requirements.txt (line 1))
[2025-01-08T12:34:16.090+0000] {process_utils.py:194} INFO -   Using cached grpcio-1.69.0-cp312-cp312-manylinux_2_17_x86_64.manylinux2014_x86_64.whl.metadata (3.9 kB)
[2025-01-08T12:34:16.224+0000] {process_utils.py:194} INFO - Collecting grpcio-status<2.0.dev0,>=1.33.2 (from google-api-core[grpc]<3.0.0dev,>=2.11.1->google-cloud-bigquery<4.0,>=3.12.0->airbyte->-r /tmp/venvfa2nd_pa/requirements.txt (line 1))
[2025-01-08T12:34:16.228+0000] {process_utils.py:194} INFO -   Using cached grpcio_status-1.69.0-py3-none-any.whl.metadata (1.1 kB)
[2025-01-08T12:34:16.489+0000] {process_utils.py:194} INFO - Collecting google-crc32c<2.0dev,>=1.0 (from google-resumable-media<3.0dev,>=2.0.0->google-cloud-bigquery<4.0,>=3.12.0->airbyte->-r /tmp/venvfa2nd_pa/requirements.txt (line 1))
[2025-01-08T12:34:16.492+0000] {process_utils.py:194} INFO -   Using cached google_crc32c-1.6.0-cp312-cp312-manylinux_2_17_x86_64.manylinux2014_x86_64.whl.metadata (2.3 kB)
[2025-01-08T12:34:16.863+0000] {process_utils.py:194} INFO - Collecting MarkupSafe>=2.0 (from Jinja2<3.2.0,>=3.1.2->airbyte-cdk<7.0.0,>=6.9.0->airbyte->-r /tmp/venvfa2nd_pa/requirements.txt (line 1))
[2025-01-08T12:34:16.868+0000] {process_utils.py:194} INFO -   Using cached MarkupSafe-3.0.2-cp312-cp312-manylinux_2_17_x86_64.manylinux2014_x86_64.whl.metadata (4.0 kB)
[2025-01-08T12:34:16.921+0000] {process_utils.py:194} INFO - Collecting mdurl~=0.1 (from markdown-it-py>=2.2.0->rich<14.0.0,>=13.7.0->airbyte->-r /tmp/venvfa2nd_pa/requirements.txt (line 1))
[2025-01-08T12:34:16.925+0000] {process_utils.py:194} INFO -   Using cached mdurl-0.1.2-py3-none-any.whl.metadata (1.6 kB)
[2025-01-08T12:34:17.325+0000] {process_utils.py:194} INFO - Collecting pyasn1<0.7.0,>=0.4.6 (from pyasn1-modules>=0.2.1->google-auth<3.0,>=2.27.0->airbyte->-r /tmp/venvfa2nd_pa/requirements.txt (line 1))
[2025-01-08T12:34:17.328+0000] {process_utils.py:194} INFO -   Using cached pyasn1-0.6.1-py3-none-any.whl.metadata (8.4 kB)
[2025-01-08T12:34:17.494+0000] {process_utils.py:194} INFO - Collecting attributes-doc (from serpyco-rs<2.0.0,>=1.10.2->airbyte-cdk<7.0.0,>=6.9.0->airbyte->-r /tmp/venvfa2nd_pa/requirements.txt (line 1))
[2025-01-08T12:34:17.498+0000] {process_utils.py:194} INFO -   Using cached attributes_doc-0.4.0-py2.py3-none-any.whl.metadata (3.4 kB)
[2025-01-08T12:34:17.672+0000] {process_utils.py:194} INFO - Collecting cattrs>=22.2 (from requests_cache->airbyte-cdk<7.0.0,>=6.9.0->airbyte->-r /tmp/venvfa2nd_pa/requirements.txt (line 1))
[2025-01-08T12:34:17.675+0000] {process_utils.py:194} INFO -   Using cached cattrs-24.1.2-py3-none-any.whl.metadata (8.4 kB)
[2025-01-08T12:34:17.789+0000] {process_utils.py:194} INFO - Collecting url-normalize>=1.4 (from requests_cache->airbyte-cdk<7.0.0,>=6.9.0->airbyte->-r /tmp/venvfa2nd_pa/requirements.txt (line 1))
[2025-01-08T12:34:17.792+0000] {process_utils.py:194} INFO -   Using cached url_normalize-1.4.3-py2.py3-none-any.whl.metadata (3.1 kB)
[2025-01-08T12:34:18.223+0000] {process_utils.py:194} INFO - Collecting jsonpointer>=1.9 (from jsonpatch<2.0,>=1.33->langchain_core==0.1.42->airbyte-cdk<7.0.0,>=6.9.0->airbyte->-r /tmp/venvfa2nd_pa/requirements.txt (line 1))
[2025-01-08T12:34:18.226+0000] {process_utils.py:194} INFO -   Using cached jsonpointer-3.0.0-py2.py3-none-any.whl.metadata (2.3 kB)
[2025-01-08T12:34:18.326+0000] {process_utils.py:194} INFO - Collecting httpx<1,>=0.23.0 (from langsmith<0.2.0,>=0.1.0->langchain_core==0.1.42->airbyte-cdk<7.0.0,>=6.9.0->airbyte->-r /tmp/venvfa2nd_pa/requirements.txt (line 1))
[2025-01-08T12:34:18.330+0000] {process_utils.py:194} INFO -   Using cached httpx-0.28.1-py3-none-any.whl.metadata (7.1 kB)
[2025-01-08T12:34:18.475+0000] {process_utils.py:194} INFO - Collecting requests-toolbelt<2.0.0,>=1.0.0 (from langsmith<0.2.0,>=0.1.0->langchain_core==0.1.42->airbyte-cdk<7.0.0,>=6.9.0->airbyte->-r /tmp/venvfa2nd_pa/requirements.txt (line 1))
[2025-01-08T12:34:18.479+0000] {process_utils.py:194} INFO -   Using cached requests_toolbelt-1.0.0-py2.py3-none-any.whl.metadata (14 kB)
[2025-01-08T12:34:18.692+0000] {process_utils.py:194} INFO - Collecting anyio (from httpx<1,>=0.23.0->langsmith<0.2.0,>=0.1.0->langchain_core==0.1.42->airbyte-cdk<7.0.0,>=6.9.0->airbyte->-r /tmp/venvfa2nd_pa/requirements.txt (line 1))
[2025-01-08T12:34:18.695+0000] {process_utils.py:194} INFO -   Using cached anyio-4.8.0-py3-none-any.whl.metadata (4.6 kB)
[2025-01-08T12:34:18.766+0000] {process_utils.py:194} INFO - Collecting httpcore==1.* (from httpx<1,>=0.23.0->langsmith<0.2.0,>=0.1.0->langchain_core==0.1.42->airbyte-cdk<7.0.0,>=6.9.0->airbyte->-r /tmp/venvfa2nd_pa/requirements.txt (line 1))
[2025-01-08T12:34:18.769+0000] {process_utils.py:194} INFO -   Using cached httpcore-1.0.7-py3-none-any.whl.metadata (21 kB)
[2025-01-08T12:34:18.825+0000] {process_utils.py:194} INFO - Collecting h11<0.15,>=0.13 (from httpcore==1.*->httpx<1,>=0.23.0->langsmith<0.2.0,>=0.1.0->langchain_core==0.1.42->airbyte-cdk<7.0.0,>=6.9.0->airbyte->-r /tmp/venvfa2nd_pa/requirements.txt (line 1))
[2025-01-08T12:34:18.828+0000] {process_utils.py:194} INFO -   Using cached h11-0.14.0-py3-none-any.whl.metadata (8.2 kB)
[2025-01-08T12:34:18.942+0000] {process_utils.py:194} INFO - Collecting sniffio>=1.1 (from anyio->httpx<1,>=0.23.0->langsmith<0.2.0,>=0.1.0->langchain_core==0.1.42->airbyte-cdk<7.0.0,>=6.9.0->airbyte->-r /tmp/venvfa2nd_pa/requirements.txt (line 1))
[2025-01-08T12:34:18.946+0000] {process_utils.py:194} INFO -   Using cached sniffio-1.3.1-py3-none-any.whl.metadata (3.9 kB)
[2025-01-08T12:34:19.034+0000] {process_utils.py:194} INFO - Using cached airbyte-0.22.0-py3-none-any.whl (182 kB)
[2025-01-08T12:34:19.037+0000] {process_utils.py:194} INFO - Using cached sqlalchemy_bigquery-1.12.0-py2.py3-none-any.whl (38 kB)
[2025-01-08T12:34:19.040+0000] {process_utils.py:194} INFO - Using cached airbyte_api-0.52.2-py3-none-any.whl (651 kB)
[2025-01-08T12:34:19.043+0000] {process_utils.py:194} INFO - Using cached airbyte_cdk-6.13.0-py3-none-any.whl (544 kB)
[2025-01-08T12:34:19.046+0000] {process_utils.py:194} INFO - Using cached pandas-2.2.2-cp312-cp312-manylinux_2_17_x86_64.manylinux2014_x86_64.whl (12.7 MB)
[2025-01-08T12:34:19.064+0000] {process_utils.py:194} INFO - Using cached pytz-2024.2-py2.py3-none-any.whl (508 kB)
[2025-01-08T12:34:19.073+0000] {process_utils.py:194} INFO - Using cached genson-1.3.0-py3-none-any.whl (21 kB)
[2025-01-08T12:34:19.078+0000] {process_utils.py:194} INFO - Using cached langchain_core-0.1.42-py3-none-any.whl (287 kB)
[2025-01-08T12:34:19.082+0000] {process_utils.py:194} INFO - Using cached nltk-3.9.1-py3-none-any.whl (1.5 MB)
[2025-01-08T12:34:19.087+0000] {process_utils.py:194} INFO - Using cached psutil-6.1.0-cp36-abi3-manylinux_2_12_x86_64.manylinux2010_x86_64.manylinux_2_17_x86_64.manylinux2014_x86_64.whl (287 kB)
[2025-01-08T12:34:19.092+0000] {process_utils.py:194} INFO - Using cached wcmatch-10.0-py3-none-any.whl (39 kB)
[2025-01-08T12:34:19.096+0000] {process_utils.py:194} INFO - Using cached airbyte_protocol_models_pdv2-0.13.1-py3-none-any.whl (10.0 kB)
[2025-01-08T12:34:19.100+0000] {process_utils.py:194} INFO - Using cached click-8.1.8-py3-none-any.whl (98 kB)
[2025-01-08T12:34:19.104+0000] {process_utils.py:194} INFO - Using cached duckdb-1.1.3-cp312-cp312-manylinux_2_17_x86_64.manylinux2014_x86_64.whl (20.2 MB)
[2025-01-08T12:34:19.130+0000] {process_utils.py:194} INFO - Using cached duckdb_engine-0.13.6-py3-none-any.whl (48 kB)
[2025-01-08T12:34:19.136+0000] {process_utils.py:194} INFO - Using cached google_auth-2.37.0-py2.py3-none-any.whl (209 kB)
[2025-01-08T12:34:19.141+0000] {process_utils.py:194} INFO - Using cached google_cloud_bigquery-3.27.0-py2.py3-none-any.whl (240 kB)
[2025-01-08T12:34:19.146+0000] {process_utils.py:194} INFO - Using cached google_cloud_bigquery_storage-2.27.0-py2.py3-none-any.whl (240 kB)
[2025-01-08T12:34:19.150+0000] {process_utils.py:194} INFO - Using cached google_cloud_secret_manager-2.22.0-py2.py3-none-any.whl (208 kB)
[2025-01-08T12:34:19.153+0000] {process_utils.py:194} INFO - Using cached jsonschema-4.17.3-py3-none-any.whl (90 kB)
[2025-01-08T12:34:19.159+0000] {process_utils.py:194} INFO - Using cached orjson-3.10.13-cp312-cp312-manylinux_2_17_x86_64.manylinux2014_x86_64.whl (131 kB)
[2025-01-08T12:34:19.163+0000] {process_utils.py:194} INFO - Using cached overrides-7.7.0-py3-none-any.whl (17 kB)
[2025-01-08T12:34:19.166+0000] {process_utils.py:194} INFO - Using cached psycopg-3.2.3-py3-none-any.whl (197 kB)
[2025-01-08T12:34:19.170+0000] {process_utils.py:194} INFO - Using cached psycopg2_binary-2.9.10-cp312-cp312-manylinux_2_17_x86_64.manylinux2014_x86_64.whl (3.0 MB)
[2025-01-08T12:34:19.177+0000] {process_utils.py:194} INFO - Using cached psycopg_binary-3.2.3-cp312-cp312-manylinux_2_17_x86_64.manylinux2014_x86_64.whl (4.2 MB)
[2025-01-08T12:34:19.185+0000] {process_utils.py:194} INFO - Using cached pyarrow-17.0.0-cp312-cp312-manylinux_2_28_x86_64.whl (39.9 MB)
[2025-01-08T12:34:19.233+0000] {process_utils.py:194} INFO - Using cached pydantic-2.10.4-py3-none-any.whl (431 kB)
[2025-01-08T12:34:19.237+0000] {process_utils.py:194} INFO - Using cached pydantic_core-2.27.2-cp312-cp312-manylinux_2_17_x86_64.manylinux2014_x86_64.whl (2.0 MB)
[2025-01-08T12:34:19.242+0000] {process_utils.py:194} INFO - Using cached python_dateutil-2.9.0.post0-py2.py3-none-any.whl (229 kB)
[2025-01-08T12:34:19.245+0000] {process_utils.py:194} INFO - Using cached python_dotenv-1.0.1-py3-none-any.whl (19 kB)
[2025-01-08T12:34:19.249+0000] {process_utils.py:194} INFO - Using cached python_ulid-3.0.0-py3-none-any.whl (11 kB)
[2025-01-08T12:34:19.252+0000] {process_utils.py:194} INFO - Using cached pytzdata-2020.1-py2.py3-none-any.whl (489 kB)
[2025-01-08T12:34:19.257+0000] {process_utils.py:194} INFO - Using cached PyYAML-6.0.2-cp312-cp312-manylinux_2_17_x86_64.manylinux2014_x86_64.whl (767 kB)
[2025-01-08T12:34:19.275+0000] {process_utils.py:194} INFO - Using cached requests-2.32.2-py3-none-any.whl (63 kB)
[2025-01-08T12:34:19.278+0000] {process_utils.py:194} INFO - Using cached rich-13.9.4-py3-none-any.whl (242 kB)
[2025-01-08T12:34:19.282+0000] {process_utils.py:194} INFO - Using cached snowflake_connector_python-3.12.4-cp312-cp312-manylinux_2_17_x86_64.manylinux2014_x86_64.whl (2.6 MB)
[2025-01-08T12:34:19.289+0000] {process_utils.py:194} INFO - Using cached snowflake_sqlalchemy-1.7.2-py3-none-any.whl (69 kB)
[2025-01-08T12:34:19.292+0000] {process_utils.py:194} INFO - Using cached SQLAlchemy-2.0.35-cp312-cp312-manylinux_2_17_x86_64.manylinux2014_x86_64.whl (3.2 MB)
[2025-01-08T12:34:19.300+0000] {process_utils.py:194} INFO - Using cached structlog-24.4.0-py3-none-any.whl (67 kB)
[2025-01-08T12:34:19.304+0000] {process_utils.py:194} INFO - Using cached typing_extensions-4.12.2-py3-none-any.whl (37 kB)
[2025-01-08T12:34:19.308+0000] {process_utils.py:194} INFO - Using cached uuid7-0.1.0-py2.py3-none-any.whl (7.5 kB)
[2025-01-08T12:34:19.310+0000] {process_utils.py:194} INFO - Using cached airbyte_protocol_models_dataclasses-0.14.1-py3-none-any.whl (6.9 kB)
[2025-01-08T12:34:19.313+0000] {process_utils.py:194} INFO - Using cached annotated_types-0.7.0-py3-none-any.whl (13 kB)
[2025-01-08T12:34:19.317+0000] {process_utils.py:194} INFO - Using cached asn1crypto-1.5.1-py2.py3-none-any.whl (105 kB)
[2025-01-08T12:34:19.320+0000] {process_utils.py:194} INFO - Using cached attrs-24.3.0-py3-none-any.whl (63 kB)
[2025-01-08T12:34:19.323+0000] {process_utils.py:194} INFO - Using cached cachetools-5.5.0-py3-none-any.whl (9.5 kB)
[2025-01-08T12:34:19.326+0000] {process_utils.py:194} INFO - Using cached certifi-2024.12.14-py3-none-any.whl (164 kB)
[2025-01-08T12:34:19.329+0000] {process_utils.py:194} INFO - Using cached cffi-1.17.1-cp312-cp312-manylinux_2_17_x86_64.manylinux2014_x86_64.whl (479 kB)
[2025-01-08T12:34:19.334+0000] {process_utils.py:194} INFO - Using cached charset_normalizer-3.4.1-cp312-cp312-manylinux_2_17_x86_64.manylinux2014_x86_64.whl (145 kB)
[2025-01-08T12:34:19.336+0000] {process_utils.py:194} INFO - Using cached cryptography-43.0.3-cp39-abi3-manylinux_2_28_x86_64.whl (4.0 MB)
[2025-01-08T12:34:19.345+0000] {process_utils.py:194} INFO - Using cached dataclasses_json-0.6.7-py3-none-any.whl (28 kB)
[2025-01-08T12:34:19.348+0000] {process_utils.py:194} INFO - Using cached dpath-2.2.0-py3-none-any.whl (17 kB)
[2025-01-08T12:34:19.351+0000] {process_utils.py:194} INFO - Using cached dunamai-1.23.0-py3-none-any.whl (26 kB)
[2025-01-08T12:34:19.353+0000] {process_utils.py:194} INFO - Using cached filelock-3.16.1-py3-none-any.whl (16 kB)
[2025-01-08T12:34:19.356+0000] {process_utils.py:194} INFO - Using cached google_api_core-2.24.0-py3-none-any.whl (158 kB)
[2025-01-08T12:34:19.359+0000] {process_utils.py:194} INFO - Using cached google_cloud_core-2.4.1-py2.py3-none-any.whl (29 kB)
[2025-01-08T12:34:19.362+0000] {process_utils.py:194} INFO - Using cached google_resumable_media-2.7.2-py2.py3-none-any.whl (81 kB)
[2025-01-08T12:34:19.366+0000] {process_utils.py:194} INFO - Using cached greenlet-3.1.1-cp312-cp312-manylinux_2_24_x86_64.manylinux_2_28_x86_64.whl (613 kB)
[2025-01-08T12:34:19.370+0000] {process_utils.py:194} INFO - Using cached grpc_google_iam_v1-0.14.0-py2.py3-none-any.whl (27 kB)
[2025-01-08T12:34:19.373+0000] {process_utils.py:194} INFO - Using cached idna-3.10-py3-none-any.whl (70 kB)
[2025-01-08T12:34:19.387+0000] {process_utils.py:194} INFO - Using cached isodate-0.6.1-py2.py3-none-any.whl (41 kB)
[2025-01-08T12:34:19.387+0000] {process_utils.py:194} INFO - Using cached jinja2-3.1.5-py3-none-any.whl (134 kB)
[2025-01-08T12:34:19.395+0000] {process_utils.py:194} INFO - Using cached jsonpath_python-1.0.6-py3-none-any.whl (7.6 kB)
[2025-01-08T12:34:19.400+0000] {process_utils.py:194} INFO - Using cached jsonref-0.2-py3-none-any.whl (9.3 kB)
[2025-01-08T12:34:19.403+0000] {process_utils.py:194} INFO - Using cached markdown_it_py-3.0.0-py3-none-any.whl (87 kB)
[2025-01-08T12:34:19.406+0000] {process_utils.py:194} INFO - Using cached marshmallow-3.24.1-py3-none-any.whl (49 kB)
[2025-01-08T12:34:19.412+0000] {process_utils.py:194} INFO - Using cached mypy_extensions-1.0.0-py3-none-any.whl (4.7 kB)
[2025-01-08T12:34:19.417+0000] {process_utils.py:194} INFO - Using cached numpy-1.26.4-cp312-cp312-manylinux_2_17_x86_64.manylinux2014_x86_64.whl (18.0 MB)
[2025-01-08T12:34:19.441+0000] {process_utils.py:194} INFO - Using cached packaging-23.2-py3-none-any.whl (53 kB)
[2025-01-08T12:34:19.444+0000] {process_utils.py:194} INFO - Using cached platformdirs-4.3.6-py3-none-any.whl (18 kB)
[2025-01-08T12:34:19.448+0000] {process_utils.py:194} INFO - Using cached proto_plus-1.25.0-py3-none-any.whl (50 kB)
[2025-01-08T12:34:19.451+0000] {process_utils.py:194} INFO - Using cached protobuf-5.29.2-cp38-abi3-manylinux2014_x86_64.whl (319 kB)
[2025-01-08T12:34:19.457+0000] {process_utils.py:194} INFO - Using cached pyasn1_modules-0.4.1-py3-none-any.whl (181 kB)
[2025-01-08T12:34:19.460+0000] {process_utils.py:194} INFO - Using cached pygments-2.19.1-py3-none-any.whl (1.2 MB)
[2025-01-08T12:34:19.464+0000] {process_utils.py:194} INFO - Using cached PyJWT-2.10.1-py3-none-any.whl (22 kB)
[2025-01-08T12:34:19.471+0000] {process_utils.py:194} INFO - Using cached pyOpenSSL-24.3.0-py3-none-any.whl (56 kB)
[2025-01-08T12:34:19.474+0000] {process_utils.py:194} INFO - Using cached pyrate_limiter-3.1.1-py3-none-any.whl (23 kB)
[2025-01-08T12:34:19.478+0000] {process_utils.py:194} INFO - Using cached pyrsistent-0.20.0-cp312-cp312-manylinux_2_17_x86_64.manylinux2014_x86_64.whl (122 kB)
[2025-01-08T12:34:19.481+0000] {process_utils.py:194} INFO - Using cached rapidfuzz-3.11.0-cp312-cp312-manylinux_2_17_x86_64.manylinux2014_x86_64.whl (3.1 MB)
[2025-01-08T12:34:19.488+0000] {process_utils.py:194} INFO - Using cached rsa-4.9-py3-none-any.whl (34 kB)
[2025-01-08T12:34:19.496+0000] {process_utils.py:194} INFO - Using cached serpyco_rs-1.11.0-cp312-cp312-manylinux_2_17_x86_64.manylinux2014_x86_64.whl (451 kB)
[2025-01-08T12:34:19.498+0000] {process_utils.py:194} INFO - Using cached six-1.17.0-py2.py3-none-any.whl (11 kB)
[2025-01-08T12:34:19.502+0000] {process_utils.py:194} INFO - Using cached sortedcontainers-2.4.0-py2.py3-none-any.whl (29 kB)
[2025-01-08T12:34:19.507+0000] {process_utils.py:194} INFO - Using cached typing_inspect-0.9.0-py3-none-any.whl (8.8 kB)
[2025-01-08T12:34:19.510+0000] {process_utils.py:194} INFO - Using cached tzdata-2024.2-py2.py3-none-any.whl (346 kB)
[2025-01-08T12:34:19.514+0000] {process_utils.py:194} INFO - Using cached Unidecode-1.3.8-py3-none-any.whl (235 kB)
[2025-01-08T12:34:19.517+0000] {process_utils.py:194} INFO - Using cached urllib3-2.3.0-py3-none-any.whl (128 kB)
[2025-01-08T12:34:19.520+0000] {process_utils.py:194} INFO - Using cached xmltodict-0.13.0-py2.py3-none-any.whl (10.0 kB)
[2025-01-08T12:34:19.523+0000] {process_utils.py:194} INFO - Using cached backoff-2.2.1-py3-none-any.whl (15 kB)
[2025-01-08T12:34:19.525+0000] {process_utils.py:194} INFO - Using cached psycopg_pool-3.2.4-py3-none-any.whl (38 kB)
[2025-01-08T12:34:19.529+0000] {process_utils.py:194} INFO - Using cached requests_cache-1.2.1-py3-none-any.whl (61 kB)
[2025-01-08T12:34:19.533+0000] {process_utils.py:194} INFO - Using cached tomlkit-0.13.2-py3-none-any.whl (37 kB)
[2025-01-08T12:34:19.536+0000] {process_utils.py:194} INFO - Using cached bracex-2.5.post1-py3-none-any.whl (11 kB)
[2025-01-08T12:34:19.539+0000] {process_utils.py:194} INFO - Using cached cattrs-24.1.2-py3-none-any.whl (66 kB)
[2025-01-08T12:34:19.542+0000] {process_utils.py:194} INFO - Using cached google_crc32c-1.6.0-cp312-cp312-manylinux_2_17_x86_64.manylinux2014_x86_64.whl (32 kB)
[2025-01-08T12:34:19.546+0000] {process_utils.py:194} INFO - Using cached googleapis_common_protos-1.66.0-py2.py3-none-any.whl (221 kB)
[2025-01-08T12:34:19.553+0000] {process_utils.py:194} INFO - Using cached grpcio-1.69.0-cp312-cp312-manylinux_2_17_x86_64.manylinux2014_x86_64.whl (5.9 MB)
[2025-01-08T12:34:19.562+0000] {process_utils.py:194} INFO - Using cached grpcio_status-1.69.0-py3-none-any.whl (14 kB)
[2025-01-08T12:34:19.566+0000] {process_utils.py:194} INFO - Using cached jsonpatch-1.33-py2.py3-none-any.whl (12 kB)
[2025-01-08T12:34:19.569+0000] {process_utils.py:194} INFO - Using cached langsmith-0.1.147-py3-none-any.whl (311 kB)
[2025-01-08T12:34:19.572+0000] {process_utils.py:194} INFO - Using cached MarkupSafe-3.0.2-cp312-cp312-manylinux_2_17_x86_64.manylinux2014_x86_64.whl (23 kB)
[2025-01-08T12:34:19.577+0000] {process_utils.py:194} INFO - Using cached mdurl-0.1.2-py3-none-any.whl (10.0 kB)
[2025-01-08T12:34:19.587+0000] {process_utils.py:194} INFO - Using cached pyasn1-0.6.1-py3-none-any.whl (83 kB)
[2025-01-08T12:34:19.587+0000] {process_utils.py:194} INFO - Using cached regex-2024.11.6-cp312-cp312-manylinux_2_17_x86_64.manylinux2014_x86_64.whl (796 kB)
[2025-01-08T12:34:19.588+0000] {process_utils.py:194} INFO - Using cached tenacity-8.5.0-py3-none-any.whl (28 kB)
[2025-01-08T12:34:19.588+0000] {process_utils.py:194} INFO - Using cached url_normalize-1.4.3-py2.py3-none-any.whl (6.8 kB)
[2025-01-08T12:34:19.592+0000] {process_utils.py:194} INFO - Using cached attributes_doc-0.4.0-py2.py3-none-any.whl (4.6 kB)
[2025-01-08T12:34:19.596+0000] {process_utils.py:194} INFO - Using cached joblib-1.4.2-py3-none-any.whl (301 kB)
[2025-01-08T12:34:19.599+0000] {process_utils.py:194} INFO - Using cached pycparser-2.22-py3-none-any.whl (117 kB)
[2025-01-08T12:34:19.603+0000] {process_utils.py:194} INFO - Using cached tqdm-4.67.1-py3-none-any.whl (78 kB)
[2025-01-08T12:34:19.605+0000] {process_utils.py:194} INFO - Using cached httpx-0.28.1-py3-none-any.whl (73 kB)
[2025-01-08T12:34:19.608+0000] {process_utils.py:194} INFO - Using cached httpcore-1.0.7-py3-none-any.whl (78 kB)
[2025-01-08T12:34:19.611+0000] {process_utils.py:194} INFO - Using cached jsonpointer-3.0.0-py2.py3-none-any.whl (7.6 kB)
[2025-01-08T12:34:19.613+0000] {process_utils.py:194} INFO - Using cached requests_toolbelt-1.0.0-py2.py3-none-any.whl (54 kB)
[2025-01-08T12:34:19.615+0000] {process_utils.py:194} INFO - Using cached anyio-4.8.0-py3-none-any.whl (96 kB)
[2025-01-08T12:34:19.618+0000] {process_utils.py:194} INFO - Using cached h11-0.14.0-py3-none-any.whl (58 kB)
[2025-01-08T12:34:19.622+0000] {process_utils.py:194} INFO - Using cached sniffio-1.3.1-py3-none-any.whl (10 kB)
[2025-01-08T12:34:20.578+0000] {process_utils.py:194} INFO - Building wheels for collected packages: pendulum
[2025-01-08T12:34:20.580+0000] {process_utils.py:194} INFO -   Building wheel for pendulum (pyproject.toml): started
[2025-01-08T12:34:22.023+0000] {process_utils.py:194} INFO -   Building wheel for pendulum (pyproject.toml): finished with status 'error'
[2025-01-08T12:34:22.038+0000] {process_utils.py:194} INFO -   error: subprocess-exited-with-error
[2025-01-08T12:34:22.039+0000] {process_utils.py:194} INFO - 
[2025-01-08T12:34:22.039+0000] {process_utils.py:194} INFO -    Building wheel for pendulum (pyproject.toml) did not run successfully.
[2025-01-08T12:34:22.040+0000] {process_utils.py:194} INFO -    exit code: 1
[2025-01-08T12:34:22.042+0000] {process_utils.py:194} INFO -   > [28 lines of output]
[2025-01-08T12:34:22.043+0000] {process_utils.py:194} INFO -       The "poetry.dev-dependencies" section is deprecated and will be removed in a future version. Use "poetry.group.dev.dependencies" instead.
[2025-01-08T12:34:22.044+0000] {process_utils.py:194} INFO -       Traceback (most recent call last):
[2025-01-08T12:34:22.045+0000] {process_utils.py:194} INFO -         File "/tmp/pip-install-0gxgtqsn/pendulum_88eb19384b33453799b80015d32dae8d/build.py", line 5, in <module>
[2025-01-08T12:34:22.046+0000] {process_utils.py:194} INFO -           from distutils.command.build_ext import build_ext
[2025-01-08T12:34:22.047+0000] {process_utils.py:194} INFO -       ModuleNotFoundError: No module named 'distutils'
[2025-01-08T12:34:22.048+0000] {process_utils.py:194} INFO -       Traceback (most recent call last):
[2025-01-08T12:34:22.049+0000] {process_utils.py:194} INFO -         File "/tmp/venvfa2nd_pa/lib/python3.12/site-packages/pip/_vendor/pyproject_hooks/_in_process/_in_process.py", line 353, in <module>
[2025-01-08T12:34:22.050+0000] {process_utils.py:194} INFO -           main()
[2025-01-08T12:34:22.051+0000] {process_utils.py:194} INFO -         File "/tmp/venvfa2nd_pa/lib/python3.12/site-packages/pip/_vendor/pyproject_hooks/_in_process/_in_process.py", line 335, in main
[2025-01-08T12:34:22.052+0000] {process_utils.py:194} INFO -           json_out['return_val'] = hook(**hook_input['kwargs'])
[2025-01-08T12:34:22.053+0000] {process_utils.py:194} INFO -                                    ^^^^^^^^^^^^^^^^^^^^^^^^^^^^
[2025-01-08T12:34:22.054+0000] {process_utils.py:194} INFO -         File "/tmp/venvfa2nd_pa/lib/python3.12/site-packages/pip/_vendor/pyproject_hooks/_in_process/_in_process.py", line 251, in build_wheel
[2025-01-08T12:34:22.055+0000] {process_utils.py:194} INFO -           return _build_backend().build_wheel(wheel_directory, config_settings,
[2025-01-08T12:34:22.056+0000] {process_utils.py:194} INFO -                  ^^^^^^^^^^^^^^^^^^^^^^^^^^^^^^^^^^^^^^^^^^^^^^^^^^^^^^^^^^^^^^
[2025-01-08T12:34:22.057+0000] {process_utils.py:194} INFO -         File "/tmp/pip-build-env-bd2e30wc/overlay/lib/python3.12/site-packages/poetry/core/masonry/api.py", line 58, in build_wheel
[2025-01-08T12:34:22.058+0000] {process_utils.py:194} INFO -           return WheelBuilder.make_in(
[2025-01-08T12:34:22.059+0000] {process_utils.py:194} INFO -                  ^^^^^^^^^^^^^^^^^^^^^
[2025-01-08T12:34:22.060+0000] {process_utils.py:194} INFO -         File "/tmp/pip-build-env-bd2e30wc/overlay/lib/python3.12/site-packages/poetry/core/masonry/builders/wheel.py", line 91, in make_in
[2025-01-08T12:34:22.077+0000] {process_utils.py:194} INFO -           wb.build(target_dir=directory)
[2025-01-08T12:34:22.078+0000] {process_utils.py:194} INFO -         File "/tmp/pip-build-env-bd2e30wc/overlay/lib/python3.12/site-packages/poetry/core/masonry/builders/wheel.py", line 130, in build
[2025-01-08T12:34:22.079+0000] {process_utils.py:194} INFO -           self._build(zip_file)
[2025-01-08T12:34:22.080+0000] {process_utils.py:194} INFO -         File "/tmp/pip-build-env-bd2e30wc/overlay/lib/python3.12/site-packages/poetry/core/masonry/builders/wheel.py", line 179, in _build
[2025-01-08T12:34:22.081+0000] {process_utils.py:194} INFO -           self._run_build_script(self._package.build_script)
[2025-01-08T12:34:22.083+0000] {process_utils.py:194} INFO -         File "/tmp/pip-build-env-bd2e30wc/overlay/lib/python3.12/site-packages/poetry/core/masonry/builders/wheel.py", line 300, in _run_build_script
[2025-01-08T12:34:22.084+0000] {process_utils.py:194} INFO -           subprocess.check_call([self.executable.as_posix(), build_script])
[2025-01-08T12:34:22.085+0000] {process_utils.py:194} INFO -         File "/usr/local/lib/python3.12/subprocess.py", line 413, in check_call
[2025-01-08T12:34:22.086+0000] {process_utils.py:194} INFO -           raise CalledProcessError(retcode, cmd)
[2025-01-08T12:34:22.091+0000] {process_utils.py:194} INFO -       subprocess.CalledProcessError: Command '['/tmp/venvfa2nd_pa/bin/python', 'build.py']' returned non-zero exit status 1.
[2025-01-08T12:34:22.092+0000] {process_utils.py:194} INFO -       [end of output]
[2025-01-08T12:34:22.093+0000] {process_utils.py:194} INFO - 
[2025-01-08T12:34:22.094+0000] {process_utils.py:194} INFO -   note: This error originates from a subprocess, and is likely not a problem with pip.
[2025-01-08T12:34:22.095+0000] {process_utils.py:194} INFO -   ERROR: Failed building wheel for pendulum
[2025-01-08T12:34:22.097+0000] {process_utils.py:194} INFO - Failed to build pendulum
[2025-01-08T12:34:22.423+0000] {process_utils.py:194} INFO - ERROR: ERROR: Failed to build installable wheels for some pyproject.toml based projects (pendulum)
[2025-01-08T12:34:24.796+0000] {taskinstance.py:3311} ERROR - Task failed with exception
Traceback (most recent call last):
  File "/home/airflow/.local/lib/python3.12/site-packages/airflow/models/taskinstance.py", line 767, in _execute_task
    result = _execute_callable(context=context, **execute_callable_kwargs)
             ^^^^^^^^^^^^^^^^^^^^^^^^^^^^^^^^^^^^^^^^^^^^^^^^^^^^^^^^^^^^^
  File "/home/airflow/.local/lib/python3.12/site-packages/airflow/models/taskinstance.py", line 733, in _execute_callable
    return ExecutionCallableRunner(
           ^^^^^^^^^^^^^^^^^^^^^^^^
  File "/home/airflow/.local/lib/python3.12/site-packages/airflow/utils/operator_helpers.py", line 252, in run
    return self.func(*args, **kwargs)
           ^^^^^^^^^^^^^^^^^^^^^^^^^^
  File "/home/airflow/.local/lib/python3.12/site-packages/airflow/models/baseoperator.py", line 422, in wrapper
    return func(self, *args, **kwargs)
           ^^^^^^^^^^^^^^^^^^^^^^^^^^^
  File "/home/airflow/.local/lib/python3.12/site-packages/airflow/operators/python.py", line 505, in execute
    return super().execute(context=serializable_context)
           ^^^^^^^^^^^^^^^^^^^^^^^^^^^^^^^^^^^^^^^^^^^^^
  File "/home/airflow/.local/lib/python3.12/site-packages/airflow/models/baseoperator.py", line 422, in wrapper
    return func(self, *args, **kwargs)
           ^^^^^^^^^^^^^^^^^^^^^^^^^^^
  File "/home/airflow/.local/lib/python3.12/site-packages/airflow/operators/python.py", line 238, in execute
    return_value = self.execute_callable()
                   ^^^^^^^^^^^^^^^^^^^^^^^
  File "/home/airflow/.local/lib/python3.12/site-packages/airflow/operators/python.py", line 868, in execute_callable
    self._prepare_venv(tmp_path)
  File "/home/airflow/.local/lib/python3.12/site-packages/airflow/operators/python.py", line 769, in _prepare_venv
    prepare_virtualenv(
  File "/home/airflow/.local/lib/python3.12/site-packages/airflow/utils/python_virtualenv.py", line 119, in prepare_virtualenv
    execute_in_subprocess(pip_cmd)
  File "/home/airflow/.local/lib/python3.12/site-packages/airflow/utils/process_utils.py", line 175, in execute_in_subprocess
    execute_in_subprocess_with_kwargs(cmd, cwd=cwd, env=env)
  File "/home/airflow/.local/lib/python3.12/site-packages/airflow/utils/process_utils.py", line 198, in execute_in_subprocess_with_kwargs
    raise subprocess.CalledProcessError(exit_code, cmd)
subprocess.CalledProcessError: Command '['/tmp/venvfa2nd_pa/bin/pip', 'install', '-r', '/tmp/venvfa2nd_pa/requirements.txt']' returned non-zero exit status 1.
[2025-01-08T12:34:24.809+0000] {taskinstance.py:1225} INFO - Marking task as UP_FOR_RETRY. dag_id=task_dependency_airbyte_dag, task_id=test_sources_caches, run_id=scheduled__2024-05-20T00:00:00+00:00, execution_date=20240520T000000, start_date=20250108T123321, end_date=20250108T123424
[2025-01-08T12:34:24.831+0000] {taskinstance.py:340} INFO - ::group::Post task execution logs
[2025-01-08T12:34:24.832+0000] {standard_task_runner.py:124} ERROR - Failed to execute job 501 for task test_sources_caches (Command '['/tmp/venvfa2nd_pa/bin/pip', 'install', '-r', '/tmp/venvfa2nd_pa/requirements.txt']' returned non-zero exit status 1.; 15574)
Traceback (most recent call last):
  File "/home/airflow/.local/lib/python3.12/site-packages/airflow/task/task_runner/standard_task_runner.py", line 117, in _start_by_fork
    ret = args.func(args, dag=self.dag)
          ^^^^^^^^^^^^^^^^^^^^^^^^^^^^^
  File "/home/airflow/.local/lib/python3.12/site-packages/airflow/cli/cli_config.py", line 49, in command
    return func(*args, **kwargs)
           ^^^^^^^^^^^^^^^^^^^^^
  File "/home/airflow/.local/lib/python3.12/site-packages/airflow/utils/cli.py", line 116, in wrapper
    return f(*args, **kwargs)
           ^^^^^^^^^^^^^^^^^^
  File "/home/airflow/.local/lib/python3.12/site-packages/airflow/cli/commands/task_command.py", line 483, in task_run
    task_return_code = _run_task_by_selected_method(args, _dag, ti)
                       ^^^^^^^^^^^^^^^^^^^^^^^^^^^^^^^^^^^^^^^^^^^^
  File "/home/airflow/.local/lib/python3.12/site-packages/airflow/cli/commands/task_command.py", line 256, in _run_task_by_selected_method
    return _run_raw_task(args, ti)
           ^^^^^^^^^^^^^^^^^^^^^^^
  File "/home/airflow/.local/lib/python3.12/site-packages/airflow/cli/commands/task_command.py", line 341, in _run_raw_task
    return ti._run_raw_task(
           ^^^^^^^^^^^^^^^^^
  File "/home/airflow/.local/lib/python3.12/site-packages/airflow/utils/session.py", line 97, in wrapper
    return func(*args, session=session, **kwargs)
           ^^^^^^^^^^^^^^^^^^^^^^^^^^^^^^^^^^^^^^
  File "/home/airflow/.local/lib/python3.12/site-packages/airflow/models/taskinstance.py", line 3005, in _run_raw_task
    return _run_raw_task(
           ^^^^^^^^^^^^^^
  File "/home/airflow/.local/lib/python3.12/site-packages/airflow/models/taskinstance.py", line 273, in _run_raw_task
    TaskInstance._execute_task_with_callbacks(
  File "/home/airflow/.local/lib/python3.12/site-packages/airflow/models/taskinstance.py", line 3159, in _execute_task_with_callbacks
    result = self._execute_task(context, task_orig)
             ^^^^^^^^^^^^^^^^^^^^^^^^^^^^^^^^^^^^^^
  File "/home/airflow/.local/lib/python3.12/site-packages/airflow/models/taskinstance.py", line 3183, in _execute_task
    return _execute_task(self, context, task_orig)
           ^^^^^^^^^^^^^^^^^^^^^^^^^^^^^^^^^^^^^^^
  File "/home/airflow/.local/lib/python3.12/site-packages/airflow/models/taskinstance.py", line 767, in _execute_task
    result = _execute_callable(context=context, **execute_callable_kwargs)
             ^^^^^^^^^^^^^^^^^^^^^^^^^^^^^^^^^^^^^^^^^^^^^^^^^^^^^^^^^^^^^
  File "/home/airflow/.local/lib/python3.12/site-packages/airflow/models/taskinstance.py", line 733, in _execute_callable
    return ExecutionCallableRunner(
           ^^^^^^^^^^^^^^^^^^^^^^^^
  File "/home/airflow/.local/lib/python3.12/site-packages/airflow/utils/operator_helpers.py", line 252, in run
    return self.func(*args, **kwargs)
           ^^^^^^^^^^^^^^^^^^^^^^^^^^
  File "/home/airflow/.local/lib/python3.12/site-packages/airflow/models/baseoperator.py", line 422, in wrapper
    return func(self, *args, **kwargs)
           ^^^^^^^^^^^^^^^^^^^^^^^^^^^
  File "/home/airflow/.local/lib/python3.12/site-packages/airflow/operators/python.py", line 505, in execute
    return super().execute(context=serializable_context)
           ^^^^^^^^^^^^^^^^^^^^^^^^^^^^^^^^^^^^^^^^^^^^^
  File "/home/airflow/.local/lib/python3.12/site-packages/airflow/models/baseoperator.py", line 422, in wrapper
    return func(self, *args, **kwargs)
           ^^^^^^^^^^^^^^^^^^^^^^^^^^^
  File "/home/airflow/.local/lib/python3.12/site-packages/airflow/operators/python.py", line 238, in execute
    return_value = self.execute_callable()
                   ^^^^^^^^^^^^^^^^^^^^^^^
  File "/home/airflow/.local/lib/python3.12/site-packages/airflow/operators/python.py", line 868, in execute_callable
    self._prepare_venv(tmp_path)
  File "/home/airflow/.local/lib/python3.12/site-packages/airflow/operators/python.py", line 769, in _prepare_venv
    prepare_virtualenv(
  File "/home/airflow/.local/lib/python3.12/site-packages/airflow/utils/python_virtualenv.py", line 119, in prepare_virtualenv
    execute_in_subprocess(pip_cmd)
  File "/home/airflow/.local/lib/python3.12/site-packages/airflow/utils/process_utils.py", line 175, in execute_in_subprocess
    execute_in_subprocess_with_kwargs(cmd, cwd=cwd, env=env)
  File "/home/airflow/.local/lib/python3.12/site-packages/airflow/utils/process_utils.py", line 198, in execute_in_subprocess_with_kwargs
    raise subprocess.CalledProcessError(exit_code, cmd)
subprocess.CalledProcessError: Command '['/tmp/venvfa2nd_pa/bin/pip', 'install', '-r', '/tmp/venvfa2nd_pa/requirements.txt']' returned non-zero exit status 1.
[2025-01-08T12:34:24.872+0000] {local_task_job_runner.py:266} INFO - Task exited with return code 1
[2025-01-08T12:34:24.892+0000] {taskinstance.py:3895} INFO - 0 downstream tasks scheduled from follow-on schedule check
[2025-01-08T12:34:24.897+0000] {local_task_job_runner.py:245} INFO - ::endgroup::
